<?xml version="1.0" encoding="UTF-8"?>
<!-- Generated by org.testng.reporters.JUnitReportReporter -->
<testsuite hostname="LAPTOP-T8I5JFI7" failures="0" tests="1" name="com.trial.Trial_Maven_Project.Demo_Test_1" time="50.486" errors="0" timestamp="2024-10-12T19:19:31 IST" skipped="0">
  <testcase classname="com.trial.Trial_Maven_Project.Demo_Test_1" name="search_product" time="50.486"/>
  <system-out/>
</testsuite> <!-- com.trial.Trial_Maven_Project.Demo_Test_1 -->
